app/build/outputs/logs/manifest-merger-debug-report.txt
-- Merging decision tree log ---
manifest
ADDED from AndroidManifest.xml:16:1
	package
		ADDED from AndroidManifest.xml:17:2
		INJECTED from AndroidManifest.xml:0:0
		INJECTED from AndroidManifest.xml:0:0
	android:versionName
		ADDED from AndroidManifest.xml:20:2
	android:versionCode
		ADDED from AndroidManifest.xml:19:2
		INJECTED from AndroidManifest.xml:0:0
		INJECTED from AndroidManifest.xml:0:0
	xmlns:android
		ADDED from AndroidManifest.xml:16:11
	android:installLocation
		ADDED from AndroidManifest.xml:18:2
uses-sdk
ADDED from AndroidManifest.xml:21:2
	android:targetSdkVersion
		ADDED from AndroidManifest.xml:23:3
		INJECTED from AndroidManifest.xml:0:0
		INJECTED from AndroidManifest.xml:0:0
	android:minSdkVersion
		ADDED from AndroidManifest.xml:22:3
		INJECTED from AndroidManifest.xml:0:0
		INJECTED from AndroidManifest.xml:0:0
uses-permission#android.permission.BLUETOOTH
ADDED from AndroidManifest.xml:24:2
	android:name
		ADDED from AndroidManifest.xml:24:19
uses-permission#android.permission.VIBRATE
ADDED from AndroidManifest.xml:25:2
	android:name
		ADDED from AndroidManifest.xml:25:19
uses-permission#android.permission.MODIFY_AUDIO_SETTINGS
ADDED from AndroidManifest.xml:26:2
	android:name
		ADDED from AndroidManifest.xml:26:19
uses-feature#android.hardware.touchscreen
ADDED from AndroidManifest.xml:27:2
	android:required
		ADDED from AndroidManifest.xml:29:3
	android:name
		ADDED from AndroidManifest.xml:28:3
uses-feature#android.hardware.bluetooth
ADDED from AndroidManifest.xml:30:2
	android:required
		ADDED from AndroidManifest.xml:32:3
	android:name
		ADDED from AndroidManifest.xml:31:3
application
ADDED from AndroidManifest.xml:33:2
	android:label
		ADDED from AndroidManifest.xml:35:3
	android:icon
		ADDED from AndroidManifest.xml:34:3
activity#com.pilot51.voicenotify.MainActivity
ADDED from AndroidManifest.xml:36:3
	android:name
		ADDED from AndroidManifest.xml:36:13
intent-filter#android.intent.action.MAIN+android.intent.category.LAUNCHER
ADDED from AndroidManifest.xml:37:4
action#android.intent.action.MAIN
ADDED from AndroidManifest.xml:38:5
	android:name
		ADDED from AndroidManifest.xml:38:13
category#android.intent.category.LAUNCHER
ADDED from AndroidManifest.xml:39:5
	android:name
		ADDED from AndroidManifest.xml:39:15
activity#com.pilot51.voicenotify.AppList
ADDED from AndroidManifest.xml:42:3
	android:configChanges
		ADDED from AndroidManifest.xml:44:4
	android:name
		ADDED from AndroidManifest.xml:43:4
service#com.pilot51.voicenotify.Service
ADDED from AndroidManifest.xml:46:3
	android:permission
		ADDED from AndroidManifest.xml:48:4
	android:name
		ADDED from AndroidManifest.xml:47:4
intent-filter#android.accessibilityservice.AccessibilityService
ADDED from AndroidManifest.xml:49:4
action#android.accessibilityservice.AccessibilityService
ADDED from AndroidManifest.xml:50:5
	android:name
		ADDED from AndroidManifest.xml:50:13
meta-data#android.accessibilityservice
ADDED from AndroidManifest.xml:52:4
	android:resource
		ADDED from AndroidManifest.xml:54:5
	android:name
		ADDED from AndroidManifest.xml:53:5
receiver#com.pilot51.voicenotify.WidgetProvider
ADDED from AndroidManifest.xml:56:3
	android:name
		ADDED from AndroidManifest.xml:56:13
intent-filter#android.appwidget.action.APPWIDGET_UPDATE+voicenotify.widget.TOGGLE+voicenotify.widget.UPDATE
ADDED from AndroidManifest.xml:57:4
action#android.appwidget.action.APPWIDGET_UPDATE
ADDED from AndroidManifest.xml:58:5
	android:name
		ADDED from AndroidManifest.xml:58:13
action#voicenotify.widget.TOGGLE
ADDED from AndroidManifest.xml:59:5
	android:name
		ADDED from AndroidManifest.xml:59:13
action#voicenotify.widget.UPDATE
ADDED from AndroidManifest.xml:60:5
	android:name
		ADDED from AndroidManifest.xml:60:13
meta-data#android.appwidget.provider
ADDED from AndroidManifest.xml:62:4
	android:resource
		ADDED from AndroidManifest.xml:64:5
	android:name
		ADDED from AndroidManifest.xml:63:5